<?xml version="1.0" encoding="UTF-8"?>
<testng-results ignored="0" total="1" passed="1" failed="0" skipped="0">
  <reporter-output>
  </reporter-output>
  <suite started-at="2023-07-15T10:56:36 IST" name="Default suite" finished-at="2023-07-15T10:57:05 IST" duration-ms="28920">
    <groups>
    </groups>
    <test started-at="2023-07-15T10:56:36 IST" name="Default test" finished-at="2023-07-15T10:57:05 IST" duration-ms="28920">
      <class name="pkg1.UiTestCases">
        <test-method is-config="true" signature="getDriver()[pri:0, instance:pkg1.UiTestCases@4c1909a3]" started-at="2023-07-15T10:56:36 IST" name="getDriver" finished-at="2023-07-15T10:57:03 IST" duration-ms="27541" status="PASS">
          <reporter-output>
          </reporter-output>
        </test-method> <!-- getDriver -->
        <test-method signature="userCanApply()[pri:0, instance:pkg1.UiTestCases@4c1909a3]" started-at="2023-07-15T10:57:03 IST" name="userCanApply" finished-at="2023-07-15T10:57:05 IST" duration-ms="1335" status="PASS">
          <reporter-output>
          </reporter-output>
        </test-method> <!-- userCanApply -->
      </class> <!-- pkg1.UiTestCases -->
    </test> <!-- Default test -->
  </suite> <!-- Default suite -->
</testng-results>
